#
# A fatal error has been detected by the Java Runtime Environment:
#
#  EXCEPTION_ACCESS_VIOLATION (0xc0000005) at pc=0x00007ffad2f262d7, pid=5372, tid=14852
#
# JRE version: Java(TM) SE Runtime Environment (18.0.1+10) (build 18.0.1+10-24)
# Java VM: Java HotSpot(TM) 64-Bit Server VM (18.0.1+10-24, mixed mode, sharing, tiered, compressed oops, compressed class ptrs, g1 gc, windows-amd64)
# Problematic frame:
# C  [glass.dll+0x262d7]
#
# No core dump will be written. Minidumps are not enabled by default on client versions of Windows
#
# If you would like to submit a bug report, please visit:
#   https://bugreport.java.com/bugreport/crash.jsp
#

---------------  S U M M A R Y ------------

Command Line: -javaagent:C:\Program Files\JetBrains\IntelliJ IDEA 2023.2.2\lib\idea_rt.jar=3608:C:\Program Files\JetBrains\IntelliJ IDEA 2023.2.2\bin -Dfile.encoding=UTF-8 -Dsun.stdout.encoding=UTF-8 -Dsun.stderr.encoding=UTF-8 --module-path=C:\Users\SASHA\.m2\repository\org\openjfx\javafx-fxml\18.0.2\javafx-fxml-18.0.2-win.jar;D:\Minibank\MiniBank\MiniBank\target\classes;C:\Users\SASHA\.m2\repository\org\openjfx\javafx-controls\18.0.2\javafx-controls-18.0.2-win.jar;C:\Users\SASHA\.m2\repository\org\openjfx\javafx-base\18.0.2\javafx-base-18.0.2-win.jar;C:\Users\SASHA\.m2\repository\org\openjfx\javafx-graphics\18.0.2\javafx-graphics-18.0.2-win.jar -Djdk.module.main=com.minibank.minibank com.minibank.minibank/com.minibank.minibank.Appmain

Host: 11th Gen Intel(R) Core(TM) i5-1135G7 @ 2.40GHz, 8 cores, 7G,  Windows 10 , 64 bit Build 19041 (10.0.19041.3031)
Time: Fri Sep 29 15:20:22 2023  Windows 10 , 64 bit Build 19041 (10.0.19041.3031) elapsed time: 36.536217 seconds (0d 0h 0m 36s)

---------------  T H R E A D  ---------------

Current thread (0x000002063ed88e60):  VMThread "VM Thread" [stack: 0x000000a6d5700000,0x000000a6d5800000] [id=14852]

Stack: [0x000000a6d5700000,0x000000a6d5800000],  sp=0x000000a6d57fef80,  free space=1019k
Native frames: (J=compiled Java code, j=interpreted, Vv=VM code, C=native code)
C  [glass.dll+0x262d7]


siginfo: EXCEPTION_ACCESS_VIOLATION (0xc0000005), reading address 0x0000000000000000


Register to memory mapping:

RIP=0x00007ffad2f262d7 glass.dll
RAX=0x0 is NULL
RBX=0x000002065cc70060 is a global jni handle
RCX=0x000002063ed88e60 points into unknown readable memory: 0x00007ffad3a4d938 | 38 d9 a4 d3 fa 7f 00 00
RDX=0x000000a6d57fef80 points into unknown readable memory: 0x0000000000000000 | 00 00 00 00 00 00 00 00
RSP=0x000000a6d57fef80 points into unknown readable memory: 0x0000000000000000 | 00 00 00 00 00 00 00 00
RBP=0x0000020661bd2b58 points into unknown readable memory: 0x0000ae299de14438 | 38 44 e1 9d 29 ae 00 00
RSI=0x0000020661bd2b30 points into unknown readable memory: 0xdc00ae566733b60e | 0e b6 33 67 56 ae 00 dc
RDI=0x0000ae299de14438 is an unknown value
R8 =0x0000000000010002 is an unknown value
R9 =0x0000ae299de14438 is an unknown value
R10=0x0000000000008000 is an unknown value
R11=0x000000a6d57fef10 points into unknown readable memory: 0x0000020661bd2b30 | 30 2b bd 61 06 02 00 00
R12=0x00007ffad2f23bc4 glass.dll
R13=0x00007ffad3c0fc00 jvm.dll
R14=0x000000a6d57ff078 points into unknown readable memory: 0x000000a6d57ff060 | 60 f0 7f d5 a6 00 00 00
R15=0x0000020661bd2b30 points into unknown readable memory: 0xdc00ae566733b60e | 0e b6 33 67 56 ae 00 dc


Registers:
RAX=0x0000000000000000, RBX=0x000002065cc70060, RCX=0x000002063ed88e60, RDX=0x000000a6d57fef80
RSP=0x000000a6d57fef80, RBP=0x0000020661bd2b58, RSI=0x0000020661bd2b30, RDI=0x0000ae299de14438
R8 =0x0000000000010002, R9 =0x0000ae299de14438, R10=0x0000000000008000, R11=0x000000a6d57fef10
R12=0x00007ffad2f23bc4, R13=0x00007ffad3c0fc00, R14=0x000000a6d57ff078, R15=0x0000020661bd2b30
RIP=0x00007ffad2f262d7, EFLAGS=0x0000000000010206

Top of Stack: (sp=0x000000a6d57fef80)
0x000000a6d57fef80:   0000000000000000 0000020661bd2b30
0x000000a6d57fef90:   00007ffad3c0fc00 00007ffad2f23bc4
0x000000a6d57fefa0:   0000020661bd2b38 00007ffb0c3942d6
0x000000a6d57fefb0:   0000ae299de14438 0000020600000000
0x000000a6d57fefc0:   0000020661bd2b58 0000020661bd2b30
0x000000a6d57fefd0:   fffffffffffffffe 0000000000000000
0x000000a6d57fefe0:   0000000000000001 00007ffad2f00000
0x000000a6d57feff0:   000000a6d57ff068 00007ffb0c3941fb
0x000000a6d57ff000:   0000000000000000 000000a6d57ff078
0x000000a6d57ff010:   000000a6d57ff340 00007ffb0c470e40
0x000000a6d57ff020:   0000000000000001 00007ffb0c3941b4
0x000000a6d57ff030:   0000000000000000 0000000000000001
0x000000a6d57ff040:   00007ffa00000001 000000a6d57ff068
0x000000a6d57ff050:   0000000000000000 00007ffad2f23a51
0x000000a6d57ff060:   00007ffad2f39f88 00007ffb00000002
0x000000a6d57ff070:   0000000000000002 000000a6d57ff060 

Instructions: (pc=0x00007ffad2f262d7)
0x00007ffad2f261d7:   8b 4d 58 e8 2d cf ff ff 48 8b 4d 60 e8 24 cf ff
0x00007ffad2f261e7:   ff 48 8b 95 80 00 00 00 48 8b 8d 18 01 00 00 e8
0x00007ffad2f261f7:   16 c4 ff ff 33 d2 33 c9 e8 5c e1 ff ff 90 48 89
0x00007ffad2f26207:   54 24 10 55 48 83 ec 20 48 8b ea 48 b8 00 00 00
0x00007ffad2f26217:   00 00 00 00 00 48 83 c4 20 5d c3 cc 40 55 48 8b
0x00007ffad2f26227:   ea 48 8b 01 33 c9 81 38 05 00 00 c0 0f 94 c1 8b
0x00007ffad2f26237:   c1 5d c3 cc 40 55 48 83 ec 20 48 8b ea 8a 4d 40
0x00007ffad2f26247:   48 83 c4 20 5d e9 17 d3 ff ff cc 40 55 48 83 ec
0x00007ffad2f26257:   20 48 8b ea 8a 4d 20 e8 05 d3 ff ff 90 48 83 c4
0x00007ffad2f26267:   20 5d c3 cc 40 55 48 83 ec 20 48 8b ea 48 83 c4
0x00007ffad2f26277:   20 5d e9 66 d1 ff ff cc 40 55 48 83 ec 30 48 8b
0x00007ffad2f26287:   ea 48 8b 01 8b 10 48 89 4c 24 28 89 54 24 20 4c
0x00007ffad2f26297:   8d 0d 07 d6 ff ff 4c 8b 45 70 8b 55 68 48 8b 4d
0x00007ffad2f262a7:   60 e8 a7 d0 ff ff 90 48 83 c4 30 5d c3 cc cc cc
0x00007ffad2f262b7:   cc cc cc cc cc cc cc cc cc 40 53 48 83 ec 20 48
0x00007ffad2f262c7:   8b 1d bb 36 01 00 48 85 db 74 16 e8 59 8b ff ff
0x00007ffad2f262d7:   4c 8b 00 48 8b d3 48 8b c8 41 ff 90 b0 00 00 00
0x00007ffad2f262e7:   90 48 83 c4 20 5b c3 cc cc 40 53 48 83 ec 20 48
0x00007ffad2f262f7:   8b 1d 2b 38 01 00 48 85 db 74 57 b8 ff ff ff ff
0x00007ffad2f26307:   f0 0f c1 43 10 83 f8 01 75 3d 48 85 db 74 38 48
0x00007ffad2f26317:   8b 0b 48 85 c9 74 0d ff 15 84 0f 00 00 48 c7 03
0x00007ffad2f26327:   00 00 00 00 48 8b 4b 08 48 85 c9 74 0d e8 d3 cd
0x00007ffad2f26337:   ff ff 48 c7 43 08 00 00 00 00 ba 18 00 00 00 48
0x00007ffad2f26347:   8b cb e8 be cd ff ff 48 c7 05 cf 37 01 00 00 00
0x00007ffad2f26357:   00 00 48 83 c4 20 5b c3 cc 40 53 48 83 ec 20 48
0x00007ffad2f26367:   8b 1d 9b 37 01 00 48 85 db 74 57 b8 ff ff ff ff
0x00007ffad2f26377:   f0 0f c1 43 10 83 f8 01 75 3d 48 85 db 74 38 48
0x00007ffad2f26387:   8b 0b 48 85 c9 74 0d ff 15 14 0f 00 00 48 c7 03
0x00007ffad2f26397:   00 00 00 00 48 8b 4b 08 48 85 c9 74 0d e8 63 cd
0x00007ffad2f263a7:   ff ff 48 c7 43 08 00 00 00 00 ba 18 00 00 00 48
0x00007ffad2f263b7:   8b cb e8 4e cd ff ff 48 c7 05 3f 37 01 00 00 00
0x00007ffad2f263c7:   00 00 48 83 c4 20 5b c3 cc 40 53 48 83 ec 20 48 


Stack slot to memory mapping:
stack at sp + 0 slots: 0x0 is NULL
stack at sp + 1 slots: 0x0000020661bd2b30 points into unknown readable memory: 0xdc00ae566733b60e | 0e b6 33 67 56 ae 00 dc
stack at sp + 2 slots: 0x00007ffad3c0fc00 jvm.dll
stack at sp + 3 slots: 0x00007ffad2f23bc4 glass.dll
stack at sp + 4 slots: 0x0000020661bd2b38 points into unknown readable memory: 0x0000ae299de14438 | 38 44 e1 9d 29 ae 00 00
stack at sp + 5 slots: 0x00007ffb0c3942d6 ucrtbase.dll
stack at sp + 6 slots: 0x0000ae299de14438 is an unknown value
stack at sp + 7 slots: 0x0000020600000000 is an unknown value

VM_Operation (0x000000a6d63ff0d0): Exit, mode: safepoint, requested by thread 0x00000206621c8970


---------------  P R O C E S S  ---------------

Threads class SMR info:
_java_thread_list=0x000002066c34c450, length=21, elements={
0x000002063ecf29b0, 0x000002065cc5e400, 0x000002065cc5eda0, 0x000002065cc78de0,
0x000002065cc7b790, 0x000002065cc7e140, 0x000002065cc7ef50, 0x000002065cc8a0b0,
0x000002065cc8e0d0, 0x000002065cd1e9b0, 0x00000206612a8f70, 0x00000206613e9660,
0x00000206613fe1b0, 0x0000020661cf3160, 0x0000020661cf6620, 0x0000020661ff3700,
0x0000020661f87970, 0x00000206622ad080, 0x00000206621c7b00, 0x00000206621ca650,
0x00000206621c8970
}

Java Threads: ( => current thread )
  0x000002063ecf29b0 JavaThread "main" [_thread_blocked, id=8504, stack(0x000000a6d5100000,0x000000a6d5200000)]
  0x000002065cc5e400 JavaThread "Reference Handler" daemon [_thread_blocked, id=17080, stack(0x000000a6d5800000,0x000000a6d5900000)]
  0x000002065cc5eda0 JavaThread "Finalizer" daemon [_thread_blocked, id=16844, stack(0x000000a6d5900000,0x000000a6d5a00000)]
  0x000002065cc78de0 JavaThread "Attach Listener" daemon [_thread_blocked, id=3868, stack(0x000000a6d5b00000,0x000000a6d5c00000)]
  0x000002065cc7b790 JavaThread "Service Thread" daemon [_thread_blocked, id=17556, stack(0x000000a6d5c00000,0x000000a6d5d00000)]
  0x000002065cc7e140 JavaThread "Monitor Deflation Thread" daemon [_thread_blocked, id=2584, stack(0x000000a6d5d00000,0x000000a6d5e00000)]
  0x000002065cc7ef50 JavaThread "C2 CompilerThread0" daemon [_thread_blocked, id=15172, stack(0x000000a6d5e00000,0x000000a6d5f00000)]
  0x000002065cc8a0b0 JavaThread "C1 CompilerThread0" daemon [_thread_blocked, id=18188, stack(0x000000a6d5f00000,0x000000a6d6000000)]
  0x000002065cc8e0d0 JavaThread "Sweeper thread" daemon [_thread_blocked, id=2472, stack(0x000000a6d6000000,0x000000a6d6100000)]
  0x000002065cd1e9b0 JavaThread "Common-Cleaner" daemon [_thread_blocked, id=1588, stack(0x000000a6d6100000,0x000000a6d6200000)]
  0x00000206612a8f70 JavaThread "Monitor Ctrl-Break" daemon [_thread_in_native, id=14424, stack(0x000000a6d6400000,0x000000a6d6500000)]
  0x00000206613e9660 JavaThread "Notification Thread" daemon [_thread_blocked, id=8012, stack(0x000000a6d6500000,0x000000a6d6600000)]
  0x00000206613fe1b0 JavaThread "QuantumRenderer-0" daemon [_thread_blocked, id=12920, stack(0x000000a6d6700000,0x000000a6d6800000)]
  0x0000020661cf3160 JavaThread "InvokeLaterDispatcher" daemon [_thread_blocked, id=13932, stack(0x000000a6d6800000,0x000000a6d6900000)]
  0x0000020661cf6620 JavaThread "JavaFX Application Thread" [_thread_in_native, id=11020, stack(0x000000a6d6900000,0x000000a6d6a00000)]
  0x0000020661ff3700 JavaThread "Thread-1" daemon [_thread_in_native, id=14112, stack(0x000000a6d6d00000,0x000000a6d6e00000)]
  0x0000020661f87970 JavaThread "JavaFX-Launcher" [_thread_blocked, id=10644, stack(0x000000a6d6e00000,0x000000a6d6f00000)]
  0x00000206622ad080 JavaThread "Prism Font Disposer" daemon [_thread_blocked, id=5688, stack(0x000000a6d7700000,0x000000a6d7800000)]
  0x00000206621c7b00 JavaThread "Cleaner-0" daemon [_thread_blocked, id=3900, stack(0x000000a6d7800000,0x000000a6d7900000)]
  0x00000206621ca650 JavaThread "mysql-cj-abandoned-connection-cleanup" daemon [_thread_blocked, id=12468, stack(0x000000a6d6200000,0x000000a6d6300000)]
  0x00000206621c8970 JavaThread "SIGINT handler" daemon [_thread_blocked, id=16248, stack(0x000000a6d6300000,0x000000a6d6400000)]

Other Threads:
=>0x000002063ed88e60 VMThread "VM Thread" [stack: 0x000000a6d5700000,0x000000a6d5800000] [id=14852]
  0x000002063ed521f0 WorkerThread "GC Thread#0" [stack: 0x000000a6d5200000,0x000000a6d5300000] [id=9860]
  0x0000020661be9340 WorkerThread "GC Thread#1" [stack: 0x000000a6d6f00000,0x000000a6d7000000] [id=10764]
  0x0000020661be7e40 WorkerThread "GC Thread#2" [stack: 0x000000a6d7000000,0x000000a6d7100000] [id=9000]
  0x0000020661be7ba0 WorkerThread "GC Thread#3" [stack: 0x000000a6d7100000,0x000000a6d7200000] [id=1408]
  0x0000020661f692e0 WorkerThread "GC Thread#4" [stack: 0x000000a6d7200000,0x000000a6d7300000] [id=17072]
  0x0000020661f69580 WorkerThread "GC Thread#5" [stack: 0x000000a6d7300000,0x000000a6d7400000] [id=780]
  0x0000020661f68080 WorkerThread "GC Thread#6" [stack: 0x000000a6d7900000,0x000000a6d7a00000] [id=7252]
  0x0000020661f6aa80 WorkerThread "GC Thread#7" [stack: 0x000000a6d7a00000,0x000000a6d7b00000] [id=12372]
  0x000002063ed627a0 ConcurrentGCThread "G1 Main Marker" terminated
  0x000002063ed63190 WorkerThread "G1 Conc#0" [stack: 0x000000a6d5400000,0x000000a6d5500000] [id=6916]
  0x000002066bc8b090 WorkerThread "G1 Conc#1" [stack: 0x000000a6d7d00000,0x000000a6d7e00000] [id=5904]
  0x000002063edb8c00 ConcurrentGCThread "G1 Refine#0" terminated
  0x0000020661ef1390 ConcurrentGCThread "G1 Refine#1" terminated
  0x000002063edb9510 ConcurrentGCThread "G1 Service" terminated

Threads with active compile tasks:

VM state: at safepoint (shutting down)

VM Mutex/Monitor currently owned by a thread:  ([mutex/lock_event])
[0x000002063eceeb10] Threads_lock - owner thread: 0x000002063ed88e60
[0x000002063ecedd00] Heap_lock - owner thread: 0x00000206621c8970

Heap address: 0x0000000084c00000, size: 1972 MB, Compressed Oops mode: 32-bit

CDS archive(s) mapped at: [0x0000000800000000-0x0000000800ba0000-0x0000000800ba0000), size 12189696, SharedBaseAddress: 0x0000000800000000, ArchiveRelocationMode: 0.
Compressed class space mapped at: 0x0000000800c00000-0x0000000840c00000, reserved size: 1073741824
Narrow klass base: 0x0000000800000000, Narrow klass shift: 0, Narrow klass range: 0x100000000

GC Precious Log:
 CardTable entry size: 512
 Card Set container configuration: InlinePtr #cards 5 size 8 Array Of Cards #cards 12 size 40 Howl #buckets 4 coarsen threshold 1843 Howl Bitmap #cards 512 size 80 coarsen threshold 460 Card regions per heap region 1 cards per card region 2048
 CPUs: 8 total, 8 available
 Memory: 7886M
 Large Page Support: Disabled
 NUMA Support: Disabled
 Compressed Oops: Enabled (32-bit)
 Heap Region Size: 1M
 Heap Min Capacity: 8M
 Heap Initial Capacity: 124M
 Heap Max Capacity: 1972M
 Pre-touch: Disabled
 Parallel Workers: 8
 Concurrent Workers: 2
 Concurrent Refinement Workers: 8
 Periodic GC: Disabled

Heap:
 garbage-first heap   total 55296K, used 24844K [0x0000000084c00000, 0x0000000100000000)
  region size 1024K, 21 young (21504K), 10 survivors (10240K)
 Metaspace       used 26263K, committed 26624K, reserved 1114112K
  class space    used 3297K, committed 3456K, reserved 1048576K

Heap Regions: E=young(eden), S=young(survivor), O=old, HS=humongous(starts), HC=humongous(continues), CS=collection set, F=free, OA=open archive, CA=closed archive, TAMS=top-at-mark-start (previous, next)
|   0|0x0000000084c00000, 0x0000000084d00000, 0x0000000084d00000|100%| O|  |TAMS 0x0000000084d00000, 0x0000000084c00000| Untracked 
|   1|0x0000000084d00000, 0x0000000084e00000, 0x0000000084e00000|100%| O|  |TAMS 0x0000000084e00000, 0x0000000084d00000| Untracked 
|   2|0x0000000084e00000, 0x0000000084e43200, 0x0000000084f00000| 26%| O|  |TAMS 0x0000000084e38a00, 0x0000000084e00000| Complete 
|   3|0x0000000084f00000, 0x0000000085000000, 0x0000000085000000|100%|HS|  |TAMS 0x0000000085000000, 0x0000000084f00000| Complete 
|   4|0x0000000085000000, 0x0000000085100000, 0x0000000085100000|100%|HC|  |TAMS 0x0000000085100000, 0x0000000085000000| Complete 
|   5|0x0000000085100000, 0x0000000085100000, 0x0000000085200000|  0%| F|  |TAMS 0x0000000085100000, 0x0000000085100000| Untracked 
|   6|0x0000000085200000, 0x0000000085200000, 0x0000000085300000|  0%| F|  |TAMS 0x0000000085200000, 0x0000000085200000| Untracked 
|   7|0x0000000085300000, 0x0000000085300000, 0x0000000085400000|  0%| F|  |TAMS 0x0000000085300000, 0x0000000085300000| Untracked 
|   8|0x0000000085400000, 0x0000000085400000, 0x0000000085500000|  0%| F|  |TAMS 0x0000000085400000, 0x0000000085400000| Untracked 
|   9|0x0000000085500000, 0x0000000085500000, 0x0000000085600000|  0%| F|  |TAMS 0x0000000085500000, 0x0000000085500000| Untracked 
|  10|0x0000000085600000, 0x0000000085600000, 0x0000000085700000|  0%| F|  |TAMS 0x0000000085600000, 0x0000000085600000| Untracked 
|  11|0x0000000085700000, 0x0000000085700000, 0x0000000085800000|  0%| F|  |TAMS 0x0000000085700000, 0x0000000085700000| Untracked 
|  12|0x0000000085800000, 0x0000000085800000, 0x0000000085900000|  0%| F|  |TAMS 0x0000000085800000, 0x0000000085800000| Untracked 
|  13|0x0000000085900000, 0x0000000085900000, 0x0000000085a00000|  0%| F|  |TAMS 0x0000000085900000, 0x0000000085900000| Untracked 
|  14|0x0000000085a00000, 0x0000000085a00000, 0x0000000085b00000|  0%| F|  |TAMS 0x0000000085a00000, 0x0000000085a00000| Untracked 
|  15|0x0000000085b00000, 0x0000000085b00000, 0x0000000085c00000|  0%| F|  |TAMS 0x0000000085b00000, 0x0000000085b00000| Untracked 
|  16|0x0000000085c00000, 0x0000000085c00000, 0x0000000085d00000|  0%| F|  |TAMS 0x0000000085c00000, 0x0000000085c00000| Untracked 
|  17|0x0000000085d00000, 0x0000000085d00000, 0x0000000085e00000|  0%| F|  |TAMS 0x0000000085d00000, 0x0000000085d00000| Untracked 
|  18|0x0000000085e00000, 0x0000000085e00000, 0x0000000085f00000|  0%| F|  |TAMS 0x0000000085e00000, 0x0000000085e00000| Untracked 
|  19|0x0000000085f00000, 0x0000000085f00000, 0x0000000086000000|  0%| F|  |TAMS 0x0000000085f00000, 0x0000000085f00000| Untracked 
|  20|0x0000000086000000, 0x0000000086000000, 0x0000000086100000|  0%| F|  |TAMS 0x0000000086000000, 0x0000000086000000| Untracked 
|  21|0x0000000086100000, 0x0000000086100000, 0x0000000086200000|  0%| F|  |TAMS 0x0000000086100000, 0x0000000086100000| Untracked 
|  22|0x0000000086200000, 0x0000000086200000, 0x0000000086300000|  0%| F|  |TAMS 0x0000000086200000, 0x0000000086200000| Untracked 
|  23|0x0000000086300000, 0x0000000086300000, 0x0000000086400000|  0%| F|  |TAMS 0x0000000086300000, 0x0000000086300000| Untracked 
|  24|0x0000000086400000, 0x0000000086400000, 0x0000000086500000|  0%| F|  |TAMS 0x0000000086400000, 0x0000000086400000| Untracked 
|  25|0x0000000086500000, 0x0000000086500000, 0x0000000086600000|  0%| F|  |TAMS 0x0000000086500000, 0x0000000086500000| Untracked 
|  26|0x0000000086600000, 0x0000000086600000, 0x0000000086700000|  0%| F|  |TAMS 0x0000000086600000, 0x0000000086600000| Untracked 
|  27|0x0000000086700000, 0x0000000086700000, 0x0000000086800000|  0%| F|  |TAMS 0x0000000086700000, 0x0000000086700000| Untracked 
|  28|0x0000000086800000, 0x0000000086800000, 0x0000000086900000|  0%| F|  |TAMS 0x0000000086800000, 0x0000000086800000| Untracked 
|  29|0x0000000086900000, 0x0000000086900000, 0x0000000086a00000|  0%| F|  |TAMS 0x0000000086900000, 0x0000000086900000| Untracked 
|  30|0x0000000086a00000, 0x0000000086a00000, 0x0000000086b00000|  0%| F|  |TAMS 0x0000000086a00000, 0x0000000086a00000| Untracked 
|  31|0x0000000086b00000, 0x0000000086b00000, 0x0000000086c00000|  0%| F|  |TAMS 0x0000000086b00000, 0x0000000086b00000| Untracked 
|  32|0x0000000086c00000, 0x0000000086c00000, 0x0000000086d00000|  0%| F|  |TAMS 0x0000000086c00000, 0x0000000086c00000| Untracked 
|  33|0x0000000086d00000, 0x0000000086d30cb0, 0x0000000086e00000| 19%| E|  |TAMS 0x0000000086d00000, 0x0000000086d00000| Complete 
|  34|0x0000000086e00000, 0x0000000086f00000, 0x0000000086f00000|100%| E|CS|TAMS 0x0000000086e00000, 0x0000000086e00000| Complete 
|  35|0x0000000086f00000, 0x0000000087000000, 0x0000000087000000|100%| E|CS|TAMS 0x0000000086f00000, 0x0000000086f00000| Complete 
|  36|0x0000000087000000, 0x0000000087100000, 0x0000000087100000|100%| E|CS|TAMS 0x0000000087000000, 0x0000000087000000| Complete 
|  37|0x0000000087100000, 0x0000000087200000, 0x0000000087200000|100%| E|CS|TAMS 0x0000000087100000, 0x0000000087100000| Complete 
|  38|0x0000000087200000, 0x0000000087300000, 0x0000000087300000|100%| E|CS|TAMS 0x0000000087200000, 0x0000000087200000| Complete 
|  39|0x0000000087300000, 0x0000000087400000, 0x0000000087400000|100%| E|CS|TAMS 0x0000000087300000, 0x0000000087300000| Complete 
|  40|0x0000000087400000, 0x0000000087500000, 0x0000000087500000|100%| E|CS|TAMS 0x0000000087400000, 0x0000000087400000| Complete 
|  41|0x0000000087500000, 0x0000000087600000, 0x0000000087600000|100%| E|CS|TAMS 0x0000000087500000, 0x0000000087500000| Complete 
|  42|0x0000000087600000, 0x0000000087700000, 0x0000000087700000|100%| E|CS|TAMS 0x0000000087600000, 0x0000000087600000| Complete 
|  72|0x0000000089400000, 0x0000000089500000, 0x0000000089500000|100%| S|CS|TAMS 0x0000000089400000, 0x0000000089400000| Complete 
|  73|0x0000000089500000, 0x0000000089600000, 0x0000000089600000|100%| S|CS|TAMS 0x0000000089500000, 0x0000000089500000| Complete 
|  74|0x0000000089600000, 0x0000000089700000, 0x0000000089700000|100%| S|CS|TAMS 0x0000000089600000, 0x0000000089600000| Complete 
|  75|0x0000000089700000, 0x0000000089800000, 0x0000000089800000|100%| S|CS|TAMS 0x0000000089700000, 0x0000000089700000| Complete 
|  76|0x0000000089800000, 0x0000000089900000, 0x0000000089900000|100%| S|CS|TAMS 0x0000000089800000, 0x0000000089800000| Complete 
|  77|0x0000000089900000, 0x0000000089a00000, 0x0000000089a00000|100%| S|CS|TAMS 0x0000000089900000, 0x0000000089900000| Complete 
|  78|0x0000000089a00000, 0x0000000089b00000, 0x0000000089b00000|100%| S|CS|TAMS 0x0000000089a00000, 0x0000000089a00000| Complete 
|  79|0x0000000089b00000, 0x0000000089c00000, 0x0000000089c00000|100%| S|CS|TAMS 0x0000000089b00000, 0x0000000089b00000| Complete 
|  80|0x0000000089c00000, 0x0000000089d00000, 0x0000000089d00000|100%| S|CS|TAMS 0x0000000089c00000, 0x0000000089c00000| Complete 
|  81|0x0000000089d00000, 0x0000000089e00000, 0x0000000089e00000|100%| S|CS|TAMS 0x0000000089d00000, 0x0000000089d00000| Complete 
| 123|0x000000008c700000, 0x000000008c800000, 0x000000008c800000|100%| E|CS|TAMS 0x000000008c700000, 0x000000008c700000| Complete 

Card table byte_map: [0x0000020655d40000,0x0000020656120000] _byte_map_base: 0x000002065591a000

Marking Bits (Prev, Next): (CMBitMap*) 0x000002063ed52830, (CMBitMap*) 0x000002063ed527f0
 Prev Bits: [0x00000206583d0000, 0x000002065a2a0000)
 Next Bits: [0x0000020656500000, 0x00000206583d0000)

Polling page: 0x000002063e4c0000

Metaspace:

Usage:
  Non-class:     22.43 MB used.
      Class:      3.22 MB used.
       Both:     25.65 MB used.

Virtual space:
  Non-class space:       64.00 MB reserved,      22.62 MB ( 35%) committed,  1 nodes.
      Class space:        1.00 GB reserved,       3.38 MB ( <1%) committed,  1 nodes.
             Both:        1.06 GB reserved,      26.00 MB (  2%) committed. 

Chunk freelists:
   Non-Class:  544.00 KB
       Class:  640.00 KB
        Both:  1.16 MB

MaxMetaspaceSize: unlimited
CompressedClassSpaceSize: 1.00 GB
Initial GC threshold: 21.00 MB
Current GC threshold: 35.12 MB
CDS: on
MetaspaceReclaimPolicy: balanced
 - commit_granule_bytes: 65536.
 - commit_granule_words: 8192.
 - virtual_space_node_default_size: 8388608.
 - enlarge_chunks_in_place: 1.
 - new_chunks_are_fully_committed: 0.
 - uncommit_free_chunks: 1.
 - use_allocation_guard: 0.


Internal statistics:

num_allocs_failed_limit: 3.
num_arena_births: 404.
num_arena_deaths: 0.
num_vsnodes_births: 2.
num_vsnodes_deaths: 0.
num_space_committed: 416.
num_space_uncommitted: 0.
num_chunks_returned_to_freelist: 3.
num_chunks_taken_from_freelist: 1131.
num_chunk_merges: 0.
num_chunk_splits: 780.
num_chunks_enlarged: 601.
num_inconsistent_stats: 0.

CodeHeap 'non-profiled nmethods': size=120000Kb used=2581Kb max_used=2581Kb free=117418Kb
 bounds [0x000002064e100000, 0x000002064e390000, 0x0000020655630000]
CodeHeap 'profiled nmethods': size=120000Kb used=11952Kb max_used=11952Kb free=108047Kb
 bounds [0x0000020646bd0000, 0x0000020647780000, 0x000002064e100000]
CodeHeap 'non-nmethods': size=5760Kb used=1553Kb max_used=1591Kb free=4206Kb
 bounds [0x0000020646630000, 0x00000206468a0000, 0x0000020646bd0000]
 total_blobs=6376 nmethods=5464 adapters=824
 compilation: enabled
              stopped_count=0, restarted_count=0
 full_count=0

Compilation events (20 events):
Event: 15.605 Thread 0x000002065cc8a0b0 5458       3       javafx.css.converter.InsetsConverter::convert (7 bytes)
Event: 15.605 Thread 0x000002065cc8a0b0 nmethod 5458 0x0000020647777990 code [0x0000020647777b20, 0x0000020647777c68]
Event: 15.605 Thread 0x000002065cc8a0b0 5459       3       javafx.css.converter.InsetsConverter::convert (121 bytes)
Event: 15.606 Thread 0x000002065cc8a0b0 nmethod 5459 0x0000020647777d10 code [0x0000020647777fe0, 0x0000020647778ef8]
Event: 15.606 Thread 0x000002065cc8a0b0 5460       3       java.util.ArrayList::sort (45 bytes)
Event: 15.606 Thread 0x000002065cc8a0b0 nmethod 5460 0x0000020647779410 code [0x00000206477795c0, 0x0000020647779838]
Event: 15.606 Thread 0x000002065cc8a0b0 5461       3       javafx.beans.property.SimpleDoubleProperty::<init> (25 bytes)
Event: 15.606 Thread 0x000002065cc8a0b0 nmethod 5461 0x0000020647779990 code [0x0000020647779b60, 0x000002064777a058]
Event: 15.617 Thread 0x000002065cc8a0b0 5462       3       javafx.scene.Node::getViewOrder (19 bytes)
Event: 15.619 Thread 0x000002065cc8a0b0 nmethod 5462 0x000002064777a210 code [0x000002064777a420, 0x000002064777a8c8]
Event: 15.619 Thread 0x000002065cc8a0b0 5463       3       com.sun.javafx.sg.prism.NGNode::setCachedAsBitmap (95 bytes)
Event: 15.620 Thread 0x000002065cc8a0b0 nmethod 5463 0x000002064777aa10 code [0x000002064777ac80, 0x000002064777b578]
Event: 15.620 Thread 0x000002065cc8a0b0 5464       3       com.sun.javafx.sg.prism.NGNode::setTransformMatrix (280 bytes)
Event: 15.621 Thread 0x000002065cc8a0b0 nmethod 5464 0x000002064777b790 code [0x000002064777b9a0, 0x000002064777c098]
Event: 15.624 Thread 0x000002065cc7ef50 5465       4       com.sun.marlin.Renderer::addLine (533 bytes)
Event: 15.631 Thread 0x000002065cc7ef50 nmethod 5465 0x000002064e383c10 code [0x000002064e383de0, 0x000002064e3842d8]
Event: 16.345 Thread 0x000002065cc7ef50 5466       4       com.sun.javafx.event.EventHandlerManager::dispatchBubblingEvent (41 bytes)
Event: 16.355 Thread 0x000002065cc7ef50 nmethod 5466 0x000002064e384790 code [0x000002064e384960, 0x000002064e384d40]
Event: 36.183 Thread 0x000002065cc8a0b0 5467       1       java.util.logging.LogManager$LoggerContext::getOwner (5 bytes)
Event: 36.183 Thread 0x000002065cc8a0b0 nmethod 5467 0x000002064e385190 code [0x000002064e385320, 0x000002064e3853f8]

GC Heap History (6 events):
Event: 0.649 GC heap before
{Heap before GC invocations=0 (full 0):
 garbage-first heap   total 126976K, used 22528K [0x0000000084c00000, 0x0000000100000000)
  region size 1024K, 23 young (23552K), 0 survivors (0K)
 Metaspace       used 6294K, committed 6464K, reserved 1114112K
  class space    used 752K, committed 832K, reserved 1048576K
}
Event: 0.652 GC heap after
{Heap after GC invocations=1 (full 0):
 garbage-first heap   total 126976K, used 3738K [0x0000000084c00000, 0x0000000100000000)
  region size 1024K, 3 young (3072K), 3 survivors (3072K)
 Metaspace       used 6294K, committed 6464K, reserved 1114112K
  class space    used 752K, committed 832K, reserved 1048576K
}
Event: 1.260 GC heap before
{Heap before GC invocations=1 (full 0):
 garbage-first heap   total 126976K, used 34458K [0x0000000084c00000, 0x0000000100000000)
  region size 1024K, 34 young (34816K), 3 survivors (3072K)
 Metaspace       used 14233K, committed 14528K, reserved 1114112K
  class space    used 2073K, committed 2240K, reserved 1048576K
}
Event: 1.267 GC heap after
{Heap after GC invocations=2 (full 0):
 garbage-first heap   total 126976K, used 7394K [0x0000000084c00000, 0x0000000100000000)
  region size 1024K, 5 young (5120K), 5 survivors (5120K)
 Metaspace       used 14233K, committed 14528K, reserved 1114112K
  class space    used 2073K, committed 2240K, reserved 1048576K
}
Event: 15.175 GC heap before
{Heap before GC invocations=2 (full 0):
 garbage-first heap   total 126976K, used 45282K [0x0000000084c00000, 0x0000000100000000)
  region size 1024K, 42 young (43008K), 5 survivors (5120K)
 Metaspace       used 21177K, committed 21504K, reserved 1114112K
  class space    used 2715K, committed 2880K, reserved 1048576K
}
Event: 15.186 GC heap after
{Heap after GC invocations=3 (full 0):
 garbage-first heap   total 126976K, used 14604K [0x0000000084c00000, 0x0000000100000000)
  region size 1024K, 10 young (10240K), 10 survivors (10240K)
 Metaspace       used 21177K, committed 21504K, reserved 1114112K
  class space    used 2715K, committed 2880K, reserved 1048576K
}

Deoptimization events (20 events):
Event: 15.604 Thread 0x0000020661cf6620 Uncommon trap: trap_request=0xffffff45 fr.pc=0x000002064e2d4674 relative=0x0000000000000134
Event: 15.604 Thread 0x0000020661cf6620 Uncommon trap: reason=unstable_if action=reinterpret pc=0x000002064e2d4674 method=javafx.scene.CssStyleHelper.isUserSetFont(Ljavafx/css/Styleable;)Z @ 56 c2
Event: 15.604 Thread 0x0000020661cf6620 DEOPT PACKING pc=0x000002064e2d4674 sp=0x000000a6d69fa240
Event: 15.604 Thread 0x0000020661cf6620 DEOPT UNPACKING pc=0x0000020646685c23 sp=0x000000a6d69fa1e0 mode 2
Event: 15.614 Thread 0x0000020661cf6620 Uncommon trap: trap_request=0xffffffde fr.pc=0x000002064e2c2d18 relative=0x0000000000000078
Event: 15.614 Thread 0x0000020661cf6620 Uncommon trap: reason=class_check action=maybe_recompile pc=0x000002064e2c2d18 method=javafx.collections.FXCollections$UnmodifiableObservableListImpl.size()I @ 4 c2
Event: 15.614 Thread 0x0000020661cf6620 DEOPT PACKING pc=0x000002064e2c2d18 sp=0x000000a6d69f9890
Event: 15.614 Thread 0x0000020661cf6620 DEOPT UNPACKING pc=0x0000020646685c23 sp=0x000000a6d69f9818 mode 2
Event: 15.614 Thread 0x0000020661cf6620 Uncommon trap: trap_request=0xffffffde fr.pc=0x000002064e2db578 relative=0x00000000000000d8
Event: 15.614 Thread 0x0000020661cf6620 Uncommon trap: reason=class_check action=maybe_recompile pc=0x000002064e2db578 method=javafx.collections.FXCollections$UnmodifiableObservableListImpl.get(I)Ljava/lang/Object; @ 5 c2
Event: 15.614 Thread 0x0000020661cf6620 DEOPT PACKING pc=0x000002064e2db578 sp=0x000000a6d69f9870
Event: 15.614 Thread 0x0000020661cf6620 DEOPT UNPACKING pc=0x0000020646685c23 sp=0x000000a6d69f97f8 mode 2
Event: 15.614 Thread 0x0000020661cf6620 Uncommon trap: trap_request=0xffffffde fr.pc=0x000002064e2c2d18 relative=0x0000000000000078
Event: 15.614 Thread 0x0000020661cf6620 Uncommon trap: reason=class_check action=maybe_recompile pc=0x000002064e2c2d18 method=javafx.collections.FXCollections$UnmodifiableObservableListImpl.size()I @ 4 c2
Event: 15.614 Thread 0x0000020661cf6620 DEOPT PACKING pc=0x000002064e2c2d18 sp=0x000000a6d69f9890
Event: 15.614 Thread 0x0000020661cf6620 DEOPT UNPACKING pc=0x0000020646685c23 sp=0x000000a6d69f9818 mode 2
Event: 15.614 Thread 0x0000020661cf6620 Uncommon trap: trap_request=0xffffffde fr.pc=0x000002064e2db578 relative=0x00000000000000d8
Event: 15.614 Thread 0x0000020661cf6620 Uncommon trap: reason=class_check action=maybe_recompile pc=0x000002064e2db578 method=javafx.collections.FXCollections$UnmodifiableObservableListImpl.get(I)Ljava/lang/Object; @ 5 c2
Event: 15.614 Thread 0x0000020661cf6620 DEOPT PACKING pc=0x000002064e2db578 sp=0x000000a6d69f9870
Event: 15.614 Thread 0x0000020661cf6620 DEOPT UNPACKING pc=0x0000020646685c23 sp=0x000000a6d69f97f8 mode 2

Classes loaded (20 events):
Event: 15.446 Loading class sun/security/ssl/PostHandshakeContext
Event: 15.446 Loading class sun/security/ssl/PostHandshakeContext done
Event: 15.446 Loading class sun/security/ssl/NewSessionTicket$T13NewSessionTicketMessage
Event: 15.446 Loading class sun/security/ssl/NewSessionTicket$NewSessionTicketMessage
Event: 15.446 Loading class sun/security/ssl/NewSessionTicket$NewSessionTicketMessage done
Event: 15.446 Loading class sun/security/ssl/NewSessionTicket$T13NewSessionTicketMessage done
Event: 15.470 Loading class java/util/TimerTask
Event: 15.470 Loading class java/util/TimerTask done
Event: 15.472 Loading class java/util/RegularEnumSet$EnumSetIterator
Event: 15.472 Loading class java/util/RegularEnumSet$EnumSetIterator done
Event: 15.478 Loading class java/io/Console
Event: 15.478 Loading class java/io/Console done
Event: 15.484 Loading class sun/text/resources/cldr/FormatData_en
Event: 15.484 Loading class sun/text/resources/cldr/FormatData_en done
Event: 15.485 Loading class sun/text/resources/cldr/FormatData_en_US
Event: 15.485 Loading class sun/text/resources/cldr/FormatData_en_US done
Event: 15.525 Loading class java/time/format/DateTimeParseException
Event: 15.525 Loading class java/time/format/DateTimeParseException done
Event: 36.181 Loading class jdk/internal/misc/Signal$1
Event: 36.181 Loading class jdk/internal/misc/Signal$1 done

Classes unloaded (0 events):
No events

Classes redefined (0 events):
No events

Internal exceptions (20 events):
Event: 14.985 Thread 0x0000020661cf6620 Exception <a 'java/lang/NoSuchMethodError'{0x000000008aae6a18}: 'java.lang.Object java.lang.invoke.DirectMethodHandle$Holder.invokeSpecial(java.lang.Object, java.lang.Object, long, int, java.lang.Object, java.lang.Object, java.lang.Object, java.lang.Object, int, int)'> (0x000000008aae6a18) 
thrown [s\open\src\hotspot\share\interpreter\linkResolver.cpp, line 766]
Event: 14.985 Thread 0x0000020661cf6620 Exception <a 'java/lang/NoSuchMethodError'{0x000000008aaeaf20}: 'java.lang.Object java.lang.invoke.DelegatingMethodHandle$Holder.reinvoke_L(java.lang.Object, long, int, java.lang.Object, java.lang.Object, java.lang.Object, java.lang.Object, int, int)'> (0x000000008aaeaf20) 
thrown [s\open\src\hotspot\share\interpreter\linkResolver.cpp, line 766]
Event: 14.989 Thread 0x0000020661cf6620 Exception <a 'sun/nio/fs/WindowsException'{0x000000008a90d198}> (0x000000008a90d198) 
thrown [s\open\src\hotspot\share\prims\jni.cpp, line 516]
Event: 14.995 Thread 0x0000020661cf6620 Implicit null exception at 0x000002064e28d331 to 0x000002064e28d914
Event: 15.016 Thread 0x0000020661cf6620 Exception <a 'java/lang/NoSuchMethodError'{0x000000008a80c940}: 'java.lang.Object java.lang.invoke.DirectMethodHandle$Holder.invokeInterface(java.lang.Object, java.lang.Object)'> (0x000000008a80c940) 
thrown [s\open\src\hotspot\share\interpreter\linkResolver.cpp, line 766]
Event: 15.019 Thread 0x0000020661cf6620 Exception <a 'sun/nio/fs/WindowsException'{0x000000008a816c00}> (0x000000008a816c00) 
thrown [s\open\src\hotspot\share\prims\jni.cpp, line 516]
Event: 15.019 Thread 0x0000020661cf6620 Exception <a 'sun/nio/fs/WindowsException'{0x000000008a8192f0}> (0x000000008a8192f0) 
thrown [s\open\src\hotspot\share\prims\jni.cpp, line 516]
Event: 15.029 Thread 0x0000020661cf6620 Exception <a 'sun/nio/fs/WindowsException'{0x000000008a8742f0}> (0x000000008a8742f0) 
thrown [s\open\src\hotspot\share\prims\jni.cpp, line 516]
Event: 15.029 Thread 0x0000020661cf6620 Exception <a 'sun/nio/fs/WindowsException'{0x000000008a8768f8}> (0x000000008a8768f8) 
thrown [s\open\src\hotspot\share\prims\jni.cpp, line 516]
Event: 15.035 Thread 0x0000020661cf6620 Exception <a 'java/lang/NoSuchMethodError'{0x000000008a8862a0}: 'java.lang.Object java.lang.invoke.DirectMethodHandle$Holder.invokeVirtual(java.lang.Object, java.lang.Object, java.lang.Object)'> (0x000000008a8862a0) 
thrown [s\open\src\hotspot\share\interpreter\linkResolver.cpp, line 766]
Event: 15.102 Thread 0x0000020661cf6620 Exception <a 'sun/nio/fs/WindowsException'{0x000000008a086340}> (0x000000008a086340) 
thrown [s\open\src\hotspot\share\prims\jni.cpp, line 516]
Event: 15.187 Thread 0x0000020661cf6620 Exception <a 'sun/nio/fs/WindowsException'{0x000000008c700d60}> (0x000000008c700d60) 
thrown [s\open\src\hotspot\share\prims\jni.cpp, line 516]
Event: 15.219 Thread 0x0000020661cf6620 Exception <a 'sun/nio/fs/WindowsException'{0x0000000087651d40}> (0x0000000087651d40) 
thrown [s\open\src\hotspot\share\prims\jni.cpp, line 516]
Event: 15.223 Thread 0x0000020661cf6620 Implicit null exception at 0x000002064e20167c to 0x000002064e2016ec
Event: 15.224 Thread 0x0000020661cf6620 Exception <a 'sun/nio/fs/WindowsException'{0x0000000087666670}> (0x0000000087666670) 
thrown [s\open\src\hotspot\share\prims\jni.cpp, line 516]
Event: 15.252 Thread 0x0000020661cf6620 Exception <a 'java/lang/NoSuchMethodError'{0x0000000087595840}: 'java.lang.Object java.lang.invoke.DirectMethodHandle$Holder.invokeStaticInit(java.lang.Object, int, int, int, int)'> (0x0000000087595840) 
thrown [s\open\src\hotspot\share\interpreter\linkResolver.cpp, line 766]
Event: 15.302 Thread 0x0000020661cf6620 Exception <a 'java/lang/NoSuchMethodError'{0x00000000875c1f08}: 'java.lang.Object java.lang.invoke.DirectMethodHandle$Holder.invokeStaticInit(java.lang.Object, java.lang.Object, int, int, int, int)'> (0x00000000875c1f08) 
thrown [s\open\src\hotspot\share\interpreter\linkResolver.cpp, line 766]
Event: 15.475 Thread 0x0000020661cf6620 Implicit null exception at 0x000002064e325ab5 to 0x000002064e325cd2
Event: 15.581 Thread 0x0000020661cf6620 Implicit null exception at 0x000002064e2f09f1 to 0x000002064e2f4f40
Event: 15.597 Thread 0x0000020661cf6620 Implicit null exception at 0x000002064e2de678 to 0x000002064e2e12dc

VM Operations (20 events):
Event: 15.000 Executing VM operation: HandshakeAllThreads done
Event: 15.017 Executing VM operation: HandshakeAllThreads
Event: 15.017 Executing VM operation: HandshakeAllThreads done
Event: 15.175 Executing VM operation: CollectForMetadataAllocation
Event: 15.186 Executing VM operation: CollectForMetadataAllocation done
Event: 15.193 Executing VM operation: G1Concurrent
Event: 15.195 Executing VM operation: G1Concurrent done
Event: 15.197 Executing VM operation: G1Concurrent
Event: 15.201 Executing VM operation: G1Concurrent done
Event: 15.225 Executing VM operation: HandshakeAllThreads
Event: 15.225 Executing VM operation: HandshakeAllThreads done
Event: 15.238 Executing VM operation: HandshakeAllThreads
Event: 15.238 Executing VM operation: HandshakeAllThreads done
Event: 15.421 Executing VM operation: HandshakeAllThreads
Event: 15.421 Executing VM operation: HandshakeAllThreads done
Event: 15.535 Executing VM operation: ICBufferFull
Event: 15.535 Executing VM operation: ICBufferFull done
Event: 16.536 Executing VM operation: Cleanup
Event: 16.536 Executing VM operation: Cleanup done
Event: 36.185 Executing VM operation: Exit

Events (20 events):
Event: 11.365 Thread 0x00000206621a5ab0 Thread exited: 0x00000206621a5ab0
Event: 11.365 Thread 0x00000206621a6ef0 Thread exited: 0x00000206621a6ef0
Event: 11.896 Thread 0x00000206621a5fc0 Thread added: 0x00000206621a5fc0
Event: 13.370 Thread 0x00000206621a5fc0 Thread exited: 0x00000206621a5fc0
Event: 13.389 Thread 0x00000206621a5ab0 Thread added: 0x00000206621a5ab0
Event: 13.510 Thread 0x00000206621a5ab0 Thread exited: 0x00000206621a5ab0
Event: 14.265 Thread 0x00000206621a5fc0 Thread added: 0x00000206621a5fc0
Event: 14.887 Thread 0x00000206621a5fc0 Thread exited: 0x00000206621a5fc0
Event: 14.995 Thread 0x00000206621ca650 Thread added: 0x00000206621ca650
Event: 15.028 Thread 0x00000206621a5fc0 Thread added: 0x00000206621a5fc0
Event: 15.028 Thread 0x00000206621a64d0 Thread added: 0x00000206621a64d0
Event: 15.319 Loaded shared library C:\Program Files\Java\jdk-18.0.1\bin\sunmscapi.dll
Event: 16.345 Thread 0x00000206621a64d0 Thread exited: 0x00000206621a64d0
Event: 21.346 Thread 0x00000206621a5fc0 Thread exited: 0x00000206621a5fc0
Event: 36.182 Thread 0x00000206621c8970 Thread added: 0x00000206621c8970
Event: 36.182 Thread 0x00000206621c8e40 Thread added: 0x00000206621c8e40
Event: 36.182 Thread 0x00000206621c9310 Thread added: 0x00000206621c9310
Event: 36.183 Thread 0x00000206621c9310 Thread exited: 0x00000206621c9310
Event: 36.184 Thread 0x00000206621c8e40 Thread exited: 0x00000206621c8e40
Event: 36.185 Thread 0x000002065cc78530 Thread exited: 0x000002065cc78530


Dynamic libraries:
0x00007ff6d4560000 - 0x00007ff6d4570000 	C:\Program Files\Java\jdk-18.0.1\bin\java.exe
0x00007ffb0e930000 - 0x00007ffb0eb28000 	C:\Windows\SYSTEM32\ntdll.dll
0x00007ffb0da70000 - 0x00007ffb0db2f000 	C:\Windows\System32\KERNEL32.DLL
0x00007ffb0c480000 - 0x00007ffb0c776000 	C:\Windows\System32\KERNELBASE.dll
0x00007ffb0c380000 - 0x00007ffb0c480000 	C:\Windows\System32\ucrtbase.dll
0x00007ffaf8650000 - 0x00007ffaf866a000 	C:\Program Files\Java\jdk-18.0.1\bin\VCRUNTIME140.dll
0x00007ffaf8b90000 - 0x00007ffaf8ba8000 	C:\Program Files\Java\jdk-18.0.1\bin\jli.dll
0x00007ffb0e830000 - 0x00007ffb0e8df000 	C:\Windows\System32\ADVAPI32.dll
0x00007ffb0d800000 - 0x00007ffb0d89e000 	C:\Windows\System32\msvcrt.dll
0x00007ffb0e6e0000 - 0x00007ffb0e77c000 	C:\Windows\System32\sechost.dll
0x00007ffb0cb40000 - 0x00007ffb0cc66000 	C:\Windows\System32\RPCRT4.dll
0x00007ffb0d8d0000 - 0x00007ffb0da6d000 	C:\Windows\System32\USER32.dll
0x00007ffaf7e20000 - 0x00007ffaf80ba000 	C:\Windows\WinSxS\amd64_microsoft.windows.common-controls_6595b64144ccf1df_6.0.19041.1110_none_60b5254171f9507e\COMCTL32.dll
0x00007ffb0c2e0000 - 0x00007ffb0c302000 	C:\Windows\System32\win32u.dll
0x00007ffb0d1e0000 - 0x00007ffb0d20c000 	C:\Windows\System32\GDI32.dll
0x00007ffb010d0000 - 0x00007ffb010da000 	C:\Windows\SYSTEM32\VERSION.dll
0x00007ffb0c010000 - 0x00007ffb0c125000 	C:\Windows\System32\gdi32full.dll
0x00007ffb0c7b0000 - 0x00007ffb0c84d000 	C:\Windows\System32\msvcp_win.dll
0x00007ffb0d8a0000 - 0x00007ffb0d8d0000 	C:\Windows\System32\IMM32.DLL
0x00007ffaf9630000 - 0x00007ffaf963c000 	C:\Program Files\Java\jdk-18.0.1\bin\vcruntime140_1.dll
0x00007ffaf2390000 - 0x00007ffaf241d000 	C:\Program Files\Java\jdk-18.0.1\bin\msvcp140.dll
0x00007ffad30a0000 - 0x00007ffad3cb0000 	C:\Program Files\Java\jdk-18.0.1\bin\server\jvm.dll
0x00007ffb0e8e0000 - 0x00007ffb0e8e8000 	C:\Windows\System32\PSAPI.DLL
0x00007ffaf6670000 - 0x00007ffaf6697000 	C:\Windows\SYSTEM32\WINMM.dll
0x00007ffb01c50000 - 0x00007ffb01c59000 	C:\Windows\SYSTEM32\WSOCK32.dll
0x00007ffb0cc70000 - 0x00007ffb0ccdb000 	C:\Windows\System32\WS2_32.dll
0x00007ffb0a850000 - 0x00007ffb0a862000 	C:\Windows\SYSTEM32\kernel.appcore.dll
0x00007ffaf9590000 - 0x00007ffaf959a000 	C:\Program Files\Java\jdk-18.0.1\bin\jimage.dll
0x00007ffb0a580000 - 0x00007ffb0a764000 	C:\Windows\SYSTEM32\DBGHELP.DLL
0x00007ffaf2d60000 - 0x00007ffaf2d94000 	C:\Windows\SYSTEM32\dbgcore.DLL
0x00007ffb0c850000 - 0x00007ffb0c8d2000 	C:\Windows\System32\bcryptPrimitives.dll
0x00007ffaf8720000 - 0x00007ffaf872e000 	C:\Program Files\Java\jdk-18.0.1\bin\instrument.dll
0x00007ffaf6100000 - 0x00007ffaf6125000 	C:\Program Files\Java\jdk-18.0.1\bin\java.dll
0x00007ffadd9c0000 - 0x00007ffadda96000 	C:\Program Files\Java\jdk-18.0.1\bin\jsvml.dll
0x00007ffb0db30000 - 0x00007ffb0e274000 	C:\Windows\System32\SHELL32.dll
0x00007ffb09d10000 - 0x00007ffb0a4a3000 	C:\Windows\SYSTEM32\windows.storage.dll
0x00007ffb0d4a0000 - 0x00007ffb0d7f4000 	C:\Windows\System32\combase.dll
0x00007ffb0ba60000 - 0x00007ffb0ba8e000 	C:\Windows\SYSTEM32\Wldp.dll
0x00007ffb0e780000 - 0x00007ffb0e82d000 	C:\Windows\System32\SHCORE.dll
0x00007ffb0d330000 - 0x00007ffb0d385000 	C:\Windows\System32\shlwapi.dll
0x00007ffb0bf50000 - 0x00007ffb0bf6f000 	C:\Windows\SYSTEM32\profapi.dll
0x00007ffaf5be0000 - 0x00007ffaf5bf3000 	C:\Program Files\Java\jdk-18.0.1\bin\net.dll
0x00007ffb04880000 - 0x00007ffb0498a000 	C:\Windows\SYSTEM32\WINHTTP.dll
0x00007ffb0b7c0000 - 0x00007ffb0b82a000 	C:\Windows\system32\mswsock.dll
0x00007ffaf5830000 - 0x00007ffaf5846000 	C:\Program Files\Java\jdk-18.0.1\bin\nio.dll
0x00007ffaf4b50000 - 0x00007ffaf4b68000 	C:\Program Files\Java\jdk-18.0.1\bin\zip.dll
0x00007ffae7420000 - 0x00007ffae743a000 	C:\Program Files\JetBrains\IntelliJ IDEA 2023.2.2\bin\breakgen64.dll
0x000002065ce20000 - 0x000002065ce23000 	C:\Users\SASHA\.openjfx\cache\18.0.2+2\api-ms-win-core-console-l1-1-0.dll
0x000002065ce30000 - 0x000002065ce33000 	C:\Users\SASHA\.openjfx\cache\18.0.2+2\api-ms-win-core-console-l1-2-0.dll
0x000002065ce40000 - 0x000002065ce43000 	C:\Users\SASHA\.openjfx\cache\18.0.2+2\api-ms-win-core-datetime-l1-1-0.dll
0x000002065ce50000 - 0x000002065ce53000 	C:\Users\SASHA\.openjfx\cache\18.0.2+2\api-ms-win-core-debug-l1-1-0.dll
0x000002065ce60000 - 0x000002065ce63000 	C:\Users\SASHA\.openjfx\cache\18.0.2+2\api-ms-win-core-errorhandling-l1-1-0.dll
0x000002065ce70000 - 0x000002065ce74000 	C:\Users\SASHA\.openjfx\cache\18.0.2+2\api-ms-win-core-file-l1-1-0.dll
0x000002065ce80000 - 0x000002065ce83000 	C:\Users\SASHA\.openjfx\cache\18.0.2+2\api-ms-win-core-file-l1-2-0.dll
0x000002065ce90000 - 0x000002065ce93000 	C:\Users\SASHA\.openjfx\cache\18.0.2+2\api-ms-win-core-file-l2-1-0.dll
0x000002065cea0000 - 0x000002065cea3000 	C:\Users\SASHA\.openjfx\cache\18.0.2+2\api-ms-win-core-handle-l1-1-0.dll
0x000002065ceb0000 - 0x000002065ceb3000 	C:\Users\SASHA\.openjfx\cache\18.0.2+2\api-ms-win-core-heap-l1-1-0.dll
0x000002065cec0000 - 0x000002065cec3000 	C:\Users\SASHA\.openjfx\cache\18.0.2+2\api-ms-win-core-interlocked-l1-1-0.dll
0x000002065ced0000 - 0x000002065ced3000 	C:\Users\SASHA\.openjfx\cache\18.0.2+2\api-ms-win-core-libraryloader-l1-1-0.dll
0x000002065cee0000 - 0x000002065cee3000 	C:\Users\SASHA\.openjfx\cache\18.0.2+2\api-ms-win-core-localization-l1-2-0.dll
0x000002065cef0000 - 0x000002065cef3000 	C:\Users\SASHA\.openjfx\cache\18.0.2+2\api-ms-win-core-memory-l1-1-0.dll
0x000002065cf00000 - 0x000002065cf03000 	C:\Users\SASHA\.openjfx\cache\18.0.2+2\api-ms-win-core-namedpipe-l1-1-0.dll
0x000002065cf10000 - 0x000002065cf13000 	C:\Users\SASHA\.openjfx\cache\18.0.2+2\api-ms-win-core-processenvironment-l1-1-0.dll
0x000002065cf20000 - 0x000002065cf23000 	C:\Users\SASHA\.openjfx\cache\18.0.2+2\api-ms-win-core-processthreads-l1-1-0.dll
0x000002065cf30000 - 0x000002065cf33000 	C:\Users\SASHA\.openjfx\cache\18.0.2+2\api-ms-win-core-processthreads-l1-1-1.dll
0x000002065cf40000 - 0x000002065cf43000 	C:\Users\SASHA\.openjfx\cache\18.0.2+2\api-ms-win-core-profile-l1-1-0.dll
0x000002065cf50000 - 0x000002065cf53000 	C:\Users\SASHA\.openjfx\cache\18.0.2+2\api-ms-win-core-rtlsupport-l1-1-0.dll
0x000002065cf60000 - 0x000002065cf63000 	C:\Users\SASHA\.openjfx\cache\18.0.2+2\api-ms-win-core-string-l1-1-0.dll
0x000002065cf70000 - 0x000002065cf73000 	C:\Users\SASHA\.openjfx\cache\18.0.2+2\api-ms-win-core-synch-l1-1-0.dll
0x000002065cf80000 - 0x000002065cf83000 	C:\Users\SASHA\.openjfx\cache\18.0.2+2\api-ms-win-core-synch-l1-2-0.dll
0x000002065cf90000 - 0x000002065cf93000 	C:\Users\SASHA\.openjfx\cache\18.0.2+2\api-ms-win-core-sysinfo-l1-1-0.dll
0x000002065cfa0000 - 0x000002065cfa3000 	C:\Users\SASHA\.openjfx\cache\18.0.2+2\api-ms-win-core-timezone-l1-1-0.dll
0x000002065cfb0000 - 0x000002065cfb3000 	C:\Users\SASHA\.openjfx\cache\18.0.2+2\api-ms-win-core-util-l1-1-0.dll
0x000002065cfc0000 - 0x000002065cfc3000 	C:\Users\SASHA\.openjfx\cache\18.0.2+2\api-ms-win-crt-conio-l1-1-0.dll
0x000002065cfd0000 - 0x000002065cfd4000 	C:\Users\SASHA\.openjfx\cache\18.0.2+2\api-ms-win-crt-convert-l1-1-0.dll
0x000002065cfe0000 - 0x000002065cfe3000 	C:\Users\SASHA\.openjfx\cache\18.0.2+2\api-ms-win-crt-environment-l1-1-0.dll
0x000002065cff0000 - 0x000002065cff3000 	C:\Users\SASHA\.openjfx\cache\18.0.2+2\api-ms-win-crt-filesystem-l1-1-0.dll
0x0000020662bd0000 - 0x0000020662bd3000 	C:\Users\SASHA\.openjfx\cache\18.0.2+2\api-ms-win-crt-heap-l1-1-0.dll
0x0000020662be0000 - 0x0000020662be3000 	C:\Users\SASHA\.openjfx\cache\18.0.2+2\api-ms-win-crt-locale-l1-1-0.dll
0x0000020662bf0000 - 0x0000020662bf5000 	C:\Users\SASHA\.openjfx\cache\18.0.2+2\api-ms-win-crt-math-l1-1-0.dll
0x0000020662c00000 - 0x0000020662c05000 	C:\Users\SASHA\.openjfx\cache\18.0.2+2\api-ms-win-crt-multibyte-l1-1-0.dll
0x0000020662c10000 - 0x0000020662c20000 	C:\Users\SASHA\.openjfx\cache\18.0.2+2\api-ms-win-crt-private-l1-1-0.dll
0x0000020662c20000 - 0x0000020662c23000 	C:\Users\SASHA\.openjfx\cache\18.0.2+2\api-ms-win-crt-process-l1-1-0.dll
0x0000020662c30000 - 0x0000020662c34000 	C:\Users\SASHA\.openjfx\cache\18.0.2+2\api-ms-win-crt-runtime-l1-1-0.dll
0x0000020662c40000 - 0x0000020662c44000 	C:\Users\SASHA\.openjfx\cache\18.0.2+2\api-ms-win-crt-stdio-l1-1-0.dll
0x0000020662c50000 - 0x0000020662c54000 	C:\Users\SASHA\.openjfx\cache\18.0.2+2\api-ms-win-crt-string-l1-1-0.dll
0x0000020662c60000 - 0x0000020662c63000 	C:\Users\SASHA\.openjfx\cache\18.0.2+2\api-ms-win-crt-time-l1-1-0.dll
0x0000020662c70000 - 0x0000020662c73000 	C:\Users\SASHA\.openjfx\cache\18.0.2+2\api-ms-win-crt-utility-l1-1-0.dll
0x00007ffad2b70000 - 0x00007ffad2c6c000 	C:\Users\SASHA\.openjfx\cache\18.0.2+2\ucrtbase.dll
0x00007ffae5ce0000 - 0x00007ffae5cfa000 	C:\Users\SASHA\.openjfx\cache\18.0.2+2\vcruntime140.dll
0x00007ffaf82b0000 - 0x00007ffaf82bc000 	C:\Users\SASHA\.openjfx\cache\18.0.2+2\vcruntime140_1.dll
0x00007ffad2240000 - 0x00007ffad22cd000 	C:\Users\SASHA\.openjfx\cache\18.0.2+2\msvcp140.dll
0x00007ffadc5b0000 - 0x00007ffadc5dc000 	C:\Users\SASHA\.openjfx\cache\18.0.2+2\prism_d3d.dll
0x00007ffacdea0000 - 0x00007fface06d000 	C:\Windows\system32\d3d9.dll
0x00007ffb09510000 - 0x00007ffb0953f000 	C:\Windows\SYSTEM32\dwmapi.dll
0x00007ffb06e20000 - 0x00007ffb06ebe000 	C:\Windows\system32\uxtheme.dll
0x00007ffacd2e0000 - 0x00007ffacd445000 	C:\Windows\System32\DriverStore\FileRepository\iigd_dch.inf_amd64_4f49892c99b2ed8d\igdumdim64.dll
0x00007ffb0e350000 - 0x00007ffb0e47a000 	C:\Windows\System32\ole32.dll
0x00007ffa9e310000 - 0x00007ffaa2c51000 	C:\Windows\System32\DriverStore\FileRepository\iigd_dch.inf_amd64_4f49892c99b2ed8d\igd9dxva64.dll
0x00007ffb0e610000 - 0x00007ffb0e6dd000 	C:\Windows\System32\OLEAUT32.dll
0x00007ffb0cce0000 - 0x00007ffb0d148000 	C:\Windows\System32\SETUPAPI.dll
0x00007ffb0c290000 - 0x00007ffb0c2de000 	C:\Windows\System32\cfgmgr32.dll
0x00007ffb0c780000 - 0x00007ffb0c7a7000 	C:\Windows\System32\bcrypt.dll
0x00007ffafdfc0000 - 0x00007ffafe288000 	C:\Windows\System32\DriverStore\FileRepository\iigd_dch.inf_amd64_4f49892c99b2ed8d\igdgmm64.dll
0x00007ffad2f00000 - 0x00007ffad2f42000 	C:\Users\SASHA\.openjfx\cache\18.0.2+2\glass.dll
0x00007ffb0e480000 - 0x00007ffb0e55a000 	C:\Windows\System32\COMDLG32.dll
0x00007ffb0d210000 - 0x00007ffb0d324000 	C:\Windows\System32\MSCTF.dll
0x00007ffab9c60000 - 0x00007ffab9c87000 	C:\Windows\System32\DriverStore\FileRepository\iigd_dch.inf_amd64_4f49892c99b2ed8d\igdinfo64.dll
0x00007ffafb3f0000 - 0x00007ffafdfb7000 	C:\Windows\System32\DriverStore\FileRepository\iigd_dch.inf_amd64_4f49892c99b2ed8d\igc64.dll
0x00007ffb03b40000 - 0x00007ffb03b7b000 	C:\Windows\SYSTEM32\dxcore.dll
0x00007ffae47f0000 - 0x00007ffae4804000 	C:\Users\SASHA\.openjfx\cache\18.0.2+2\javafx_font.dll
0x00007ffafa040000 - 0x00007ffafa2bf000 	C:\Windows\SYSTEM32\dwrite.dll
0x00007ffb0e560000 - 0x00007ffb0e609000 	C:\Windows\System32\clbcatq.dll
0x00007ffb040d0000 - 0x00007ffb04284000 	C:\Windows\SYSTEM32\WindowsCodecs.dll
0x00007ffaf84a0000 - 0x00007ffaf84de000 	C:\Windows\system32\dataexchange.dll
0x00007ffb06080000 - 0x00007ffb06263000 	C:\Windows\system32\dcomp.dll
0x00007ffb05310000 - 0x00007ffb05573000 	C:\Windows\system32\d3d11.dll
0x00007ffb0a8c0000 - 0x00007ffb0a9b3000 	C:\Windows\system32\dxgi.dll
0x00007ffb03de0000 - 0x00007ffb03fe7000 	C:\Windows\system32\twinapi.appcore.dll
0x00007ffad6c50000 - 0x00007ffad6c84000 	C:\Program Files\Common Files\Microsoft Shared\Ink\rtscom.dll
0x00007ffb01f10000 - 0x00007ffb02009000 	C:\Windows\SYSTEM32\textinputframework.dll
0x00007ffb06270000 - 0x00007ffb065ce000 	C:\Windows\System32\CoreUIComponents.dll
0x00007ffb06950000 - 0x00007ffb06a42000 	C:\Windows\System32\CoreMessaging.dll
0x00007ffb0b1b0000 - 0x00007ffb0b1e3000 	C:\Windows\SYSTEM32\ntmarta.dll
0x00007ffb051b0000 - 0x00007ffb05304000 	C:\Windows\SYSTEM32\wintypes.dll
0x00007ffb0b4a0000 - 0x00007ffb0b56a000 	C:\Windows\SYSTEM32\DNSAPI.dll
0x00007ffb0b460000 - 0x00007ffb0b49c000 	C:\Windows\SYSTEM32\IPHLPAPI.DLL
0x00007ffb0d150000 - 0x00007ffb0d158000 	C:\Windows\System32\NSI.dll

dbghelp: loaded successfully - version: 4.0.5 - missing functions: none
symbol engine: initialized successfully - sym options: 0x614 - pdb path: .;C:\Program Files\Java\jdk-18.0.1\bin;C:\Windows\SYSTEM32;C:\Windows\WinSxS\amd64_microsoft.windows.common-controls_6595b64144ccf1df_6.0.19041.1110_none_60b5254171f9507e;C:\Program Files\Java\jdk-18.0.1\bin\server;C:\Program Files\JetBrains\IntelliJ IDEA 2023.2.2\bin;C:\Users\SASHA\.openjfx\cache\18.0.2+2;C:\Windows\System32\DriverStore\FileRepository\iigd_dch.inf_amd64_4f49892c99b2ed8d;C:\Program Files\Common Files\Microsoft Shared\Ink

VM Arguments:
jvm_args: -javaagent:C:\Program Files\JetBrains\IntelliJ IDEA 2023.2.2\lib\idea_rt.jar=3608:C:\Program Files\JetBrains\IntelliJ IDEA 2023.2.2\bin -Dfile.encoding=UTF-8 -Dsun.stdout.encoding=UTF-8 -Dsun.stderr.encoding=UTF-8 --module-path=C:\Users\SASHA\.m2\repository\org\openjfx\javafx-fxml\18.0.2\javafx-fxml-18.0.2-win.jar;D:\Minibank\MiniBank\MiniBank\target\classes;C:\Users\SASHA\.m2\repository\org\openjfx\javafx-controls\18.0.2\javafx-controls-18.0.2-win.jar;C:\Users\SASHA\.m2\repository\org\openjfx\javafx-base\18.0.2\javafx-base-18.0.2-win.jar;C:\Users\SASHA\.m2\repository\org\openjfx\javafx-graphics\18.0.2\javafx-graphics-18.0.2-win.jar -Djdk.module.main=com.minibank.minibank 
java_command: com.minibank.minibank/com.minibank.minibank.Appmain
java_class_path (initial): C:\Users\SASHA\.m2\repository\org\openjfx\javafx-controls\18.0.2\javafx-controls-18.0.2.jar;C:\Users\SASHA\.m2\repository\org\openjfx\javafx-graphics\18.0.2\javafx-graphics-18.0.2.jar;C:\Users\SASHA\.m2\repository\org\openjfx\javafx-base\18.0.2\javafx-base-18.0.2.jar;C:\Users\SASHA\.m2\repository\org\openjfx\javafx-fxml\18.0.2\javafx-fxml-18.0.2.jar;C:\Users\SASHA\.m2\repository\com\mysql\mysql-connector-j\8.0.33\mysql-connector-j-8.0.33.jar;C:\Users\SASHA\.m2\repository\com\google\protobuf\protobuf-java\3.21.9\protobuf-java-3.21.9.jar
Launcher Type: SUN_STANDARD

[Global flags]
     intx CICompilerCount                          = 4                                         {product} {ergonomic}
     uint ConcGCThreads                            = 2                                         {product} {ergonomic}
     uint G1ConcRefinementThreads                  = 8                                         {product} {ergonomic}
   size_t G1HeapRegionSize                         = 1048576                                   {product} {ergonomic}
    uintx GCDrainStackTargetSize                   = 64                                        {product} {ergonomic}
   size_t InitialHeapSize                          = 130023424                                 {product} {ergonomic}
   size_t MarkStackSize                            = 4194304                                   {product} {ergonomic}
   size_t MaxHeapSize                              = 2067791872                                {product} {ergonomic}
   size_t MaxNewSize                               = 1240465408                                {product} {ergonomic}
   size_t MinHeapDeltaBytes                        = 1048576                                   {product} {ergonomic}
   size_t MinHeapSize                              = 8388608                                   {product} {ergonomic}
    uintx NonNMethodCodeHeapSize                   = 5839372                                {pd product} {ergonomic}
    uintx NonProfiledCodeHeapSize                  = 122909434                              {pd product} {ergonomic}
    uintx ProfiledCodeHeapSize                     = 122909434                              {pd product} {ergonomic}
    uintx ReservedCodeCacheSize                    = 251658240                              {pd product} {ergonomic}
     bool SegmentedCodeCache                       = true                                      {product} {ergonomic}
   size_t SoftMaxHeapSize                          = 2067791872                             {manageable} {ergonomic}
     bool UseCompressedClassPointers               = true                           {product lp64_product} {ergonomic}
     bool UseCompressedOops                        = true                           {product lp64_product} {ergonomic}
     bool UseG1GC                                  = true                                      {product} {ergonomic}
     bool UseLargePagesIndividualAllocation        = false                                  {pd product} {ergonomic}

Logging:
Log output configuration:
 #0: stdout all=off uptime,level,tags foldmultilines=false
 #1: stderr all=off uptime,level,tags foldmultilines=false

Environment Variables:
JAVA_HOME=C:\Users\SASHA\AppData\Local\Programs\Eclipse Adoptium\jdk-17.0.6.10-hotspot\
PATH=C:\Program Files\Python38\Scripts\;C:\Program Files\Python38\;C:\Program Files\Common Files\Oracle\Java\javapath;C:\Program Files (x86)\Common Files\Oracle\Java\javapath;C:\Windows\system32;C:\Windows;C:\Windows\System32\Wbem;C:\Windows\System32\WindowsPowerShell\v1.0\;C:\Windows\System32\OpenSSH\;C:\Program Files\Microsoft SQL Server\Client SDK\ODBC\170\Tools\Binn\;C:\Program Files (x86)\Microsoft SQL Server\150\Tools\Binn\;C:\Program Files\Microsoft SQL Server\150\Tools\Binn\;C:\Program Files\Microsoft SQL Server\150\DTS\Binn\;C:\Program Files\Azure Data Studio\bin;C:\Program Files (x86)\Microsoft SQL Server\150\DTS\Binn\;D:\maven\apache-maven-3.9.4\bin;C:\Program Files\Git\cmd;C:\Program Files\MySQL\MySQL Shell 8.0\bin\;C:\Users\SASHA\AppData\Local\Programs\Eclipse Adoptium\jdk-17.0.6.10-hotspot\bin;C:\Users\SASHA\AppData\Local\Microsoft\WindowsApps;C:\Program Files\Azure Data Studio\bin;C:\Program Files\JetBrains\IntelliJ IDEA 2023.2.2\bin;
USERNAME=SASHA
OS=Windows_NT
PROCESSOR_IDENTIFIER=Intel64 Family 6 Model 140 Stepping 1, GenuineIntel



---------------  S Y S T E M  ---------------

OS:
 Windows 10 , 64 bit Build 19041 (10.0.19041.3031)
OS uptime: 4 days 22:00 hours

CPU: total 8 (initial active 8) (4 cores per cpu, 2 threads per core) family 6 model 140 stepping 1 microcode 0x86, cx8, cmov, fxsr, ht, mmx, 3dnowpref, sse, sse2, sse3, ssse3, sse4.1, sse4.2, popcnt, lzcnt, tsc, tscinvbit, avx, avx2, aes, erms, clmul, bmi1, bmi2, adx, avx512f, avx512dq, avx512cd, avx512bw, avx512vl, sha, fma, vzeroupper, avx512_vpopcntdq, avx512_vpclmulqdq, avx512_vaes, avx512_vnni, clflush, clflushopt, clwb, avx512_vbmi2, avx512_vbmi

Memory: 4k page, system-wide physical 7886M (1290M free)
TotalPageFile size 15262M (AvailPageFile size 2620M)
current process WorkingSet (physical memory assigned to process): 180M, peak: 231M
current process commit charge ("private bytes"): 242M, peak: 337M

vm_info: Java HotSpot(TM) 64-Bit Server VM (18.0.1+10-24) for windows-amd64 JRE (18.0.1+10-24), built on Mar  9 2022 22:41:56 by "mach5one" with MS VC++ 16.8 / 16.9 (VS2019)

END.
